<?xml version="1.0" encoding="UTF-8"?>
<!-- Generated by org.testng.reporters.JUnitReportReporter -->
<testsuite hostname="Parthiban" failures="0" tests="1" name="testCase.Roundtrip_testcase" time="21.682" errors="0" timestamp="2023-07-02T17:03:36 IST" skipped="0">
  <testcase classname="testCase.Roundtrip_testcase" name="roundtrip" time="21.682"/>
  <system-out/>
</testsuite> <!-- testCase.Roundtrip_testcase -->
