<?xml version="1.0" encoding="UTF-8"?>
<!-- Generated by org.testng.reporters.JUnitReportReporter -->
<testsuite hostname="Parthiban" failures="0" tests="1" name="testCase.OneWayTestCase" time="27.281" errors="0" timestamp="2023-07-05T14:06:58 IST" skipped="0">
  <testcase classname="testCase.OneWayTestCase" name="travelling_Oneway" time="27.281"/>
  <system-out/>
</testsuite> <!-- testCase.OneWayTestCase -->
