<?xml version="1.0" encoding="UTF-8"?>
<!-- Generated by org.testng.reporters.JUnitReportReporter -->
<testsuite hostname="Parthiban" failures="0" tests="1" name="testCase.Process_flight_Testcase" time="23.330" errors="0" timestamp="2023-07-04T06:33:57 IST" skipped="0">
  <testcase classname="testCase.Process_flight_Testcase" name="flight_available" time="23.330"/>
  <system-out/>
</testsuite> <!-- testCase.Process_flight_Testcase -->
