<?xml version="1.0" encoding="UTF-8"?>
<!-- Generated by org.testng.reporters.JUnitReportReporter -->
<testsuite hostname="Parthiban" failures="0" tests="1" name="testCase.Dummy_passenger_payementTestcase" time="49.579" errors="0" timestamp="2023-07-05T18:45:43 IST" skipped="0">
  <testcase classname="testCase.Dummy_passenger_payementTestcase" name="payement" time="49.579"/>
  <system-out/>
</testsuite> <!-- testCase.Dummy_passenger_payementTestcase -->
