<?xml version="1.0" encoding="UTF-8"?>
<!-- Generated by org.testng.reporters.JUnitReportReporter -->
<testsuite hostname="Parthiban" failures="0" tests="1" name="testCase.SignUpTestCase" time="23.461" errors="0" timestamp="2023-07-05T10:09:35 IST" skipped="0">
  <testcase classname="testCase.SignUpTestCase" name="initial_step" time="23.461"/>
  <system-out/>
</testsuite> <!-- testCase.SignUpTestCase -->
