<?xml version="1.0" encoding="UTF-8"?>
<!-- Generated by org.testng.reporters.JUnitReportReporter -->
<testsuite hostname="Parthiban" failures="0" tests="1" name="testCase.LoginTestCase" time="50.802" errors="0" timestamp="2023-06-26T11:46:02 IST" skipped="0">
  <testcase classname="testCase.LoginTestCase" name="initial_login" time="50.802"/>
  <system-out/>
</testsuite> <!-- testCase.LoginTestCase -->
