<?xml version="1.0" encoding="UTF-8"?>
<!-- Generated by org.testng.reporters.JUnitReportReporter -->
<testsuite hostname="Parthiban" failures="0" tests="1" name="testCase.Validate_bookingPage_Testcase" time="26.786" errors="0" timestamp="2023-07-02T15:54:01 IST" skipped="0">
  <testcase classname="testCase.Validate_bookingPage_Testcase" name="all_Menu_validation" time="26.786"/>
  <system-out/>
</testsuite> <!-- testCase.Validate_bookingPage_Testcase -->
